mode: set
github.com/yourusername/papertrail_fwd/buffer.go:23.69,26.47 2 1
github.com/yourusername/papertrail_fwd/buffer.go:26.47,28.3 1 1
github.com/yourusername/papertrail_fwd/buffer.go:31.2,32.16 2 1
github.com/yourusername/papertrail_fwd/buffer.go:32.16,34.3 1 0
github.com/yourusername/papertrail_fwd/buffer.go:37.2,38.16 2 1
github.com/yourusername/papertrail_fwd/buffer.go:38.16,41.3 2 0
github.com/yourusername/papertrail_fwd/buffer.go:43.2,46.19 2 1
github.com/yourusername/papertrail_fwd/buffer.go:46.19,47.58 1 1
github.com/yourusername/papertrail_fwd/buffer.go:47.58,50.4 2 0
github.com/yourusername/papertrail_fwd/buffer.go:51.3,51.31 1 1
github.com/yourusername/papertrail_fwd/buffer.go:54.2,61.8 1 1
github.com/yourusername/papertrail_fwd/buffer.go:65.59,72.26 4 1
github.com/yourusername/papertrail_fwd/buffer.go:72.26,74.3 1 1
github.com/yourusername/papertrail_fwd/buffer.go:77.2,78.33 2 1
github.com/yourusername/papertrail_fwd/buffer.go:78.33,81.27 2 0
github.com/yourusername/papertrail_fwd/buffer.go:81.27,83.4 1 0
github.com/yourusername/papertrail_fwd/buffer.go:85.3,85.54 1 0
github.com/yourusername/papertrail_fwd/buffer.go:85.54,89.4 2 0
github.com/yourusername/papertrail_fwd/buffer.go:89.9,89.38 1 0
github.com/yourusername/papertrail_fwd/buffer.go:89.38,91.52 1 0
github.com/yourusername/papertrail_fwd/buffer.go:91.52,93.5 1 0
github.com/yourusername/papertrail_fwd/buffer.go:94.4,94.25 1 0
github.com/yourusername/papertrail_fwd/buffer.go:99.2,99.42 1 1
github.com/yourusername/papertrail_fwd/buffer.go:99.42,101.63 1 1
github.com/yourusername/papertrail_fwd/buffer.go:101.63,103.4 1 1
github.com/yourusername/papertrail_fwd/buffer.go:104.8,107.80 2 1
github.com/yourusername/papertrail_fwd/buffer.go:107.80,109.4 1 0
github.com/yourusername/papertrail_fwd/buffer.go:110.3,110.70 1 1
github.com/yourusername/papertrail_fwd/buffer.go:110.70,112.4 1 0
github.com/yourusername/papertrail_fwd/buffer.go:116.2,119.27 2 1
github.com/yourusername/papertrail_fwd/buffer.go:119.27,121.28 2 1
github.com/yourusername/papertrail_fwd/buffer.go:121.28,123.4 1 0
github.com/yourusername/papertrail_fwd/buffer.go:126.2,126.23 1 1
github.com/yourusername/papertrail_fwd/buffer.go:130.64,134.18 3 1
github.com/yourusername/papertrail_fwd/buffer.go:134.18,136.3 1 1
github.com/yourusername/papertrail_fwd/buffer.go:139.2,140.23 2 1
github.com/yourusername/papertrail_fwd/buffer.go:140.23,142.3 1 1
github.com/yourusername/papertrail_fwd/buffer.go:144.2,147.40 2 1
github.com/yourusername/papertrail_fwd/buffer.go:147.40,149.61 1 1
github.com/yourusername/papertrail_fwd/buffer.go:149.61,151.4 1 0
github.com/yourusername/papertrail_fwd/buffer.go:152.8,155.78 2 0
github.com/yourusername/papertrail_fwd/buffer.go:155.78,157.4 1 0
github.com/yourusername/papertrail_fwd/buffer.go:158.3,158.69 1 0
github.com/yourusername/papertrail_fwd/buffer.go:158.69,160.4 1 0
github.com/yourusername/papertrail_fwd/buffer.go:164.2,167.18 3 1
github.com/yourusername/papertrail_fwd/buffer.go:171.42,175.2 3 1
github.com/yourusername/papertrail_fwd/buffer.go:178.41,182.2 3 1
github.com/yourusername/papertrail_fwd/client.go:26.74,28.2 1 1
github.com/yourusername/papertrail_fwd/client.go:38.56,41.16 2 1
github.com/yourusername/papertrail_fwd/client.go:41.16,43.3 1 1
github.com/yourusername/papertrail_fwd/client.go:45.2,57.8 3 0
github.com/yourusername/papertrail_fwd/client.go:61.75,69.2 2 1
github.com/yourusername/papertrail_fwd/client.go:78.95,81.6 2 1
github.com/yourusername/papertrail_fwd/client.go:81.6,83.10 1 1
github.com/yourusername/papertrail_fwd/client.go:84.21,85.10 1 1
github.com/yourusername/papertrail_fwd/client.go:86.11,86.11 0 1
github.com/yourusername/papertrail_fwd/client.go:90.3,90.24 1 1
github.com/yourusername/papertrail_fwd/client.go:90.24,92.11 1 1
github.com/yourusername/papertrail_fwd/client.go:93.18,93.18 0 1
github.com/yourusername/papertrail_fwd/client.go:95.39,95.39 0 0
github.com/yourusername/papertrail_fwd/client.go:97.22,98.11 1 1
github.com/yourusername/papertrail_fwd/client.go:100.4,100.12 1 1
github.com/yourusername/papertrail_fwd/client.go:104.3,104.18 1 1
github.com/yourusername/papertrail_fwd/client.go:104.18,107.18 3 1
github.com/yourusername/papertrail_fwd/client.go:107.18,111.13 3 1
github.com/yourusername/papertrail_fwd/client.go:116.3,117.34 2 0
github.com/yourusername/papertrail_fwd/client.go:117.34,120.12 3 0
github.com/yourusername/papertrail_fwd/client.go:123.3,123.20 1 0
github.com/yourusername/papertrail_fwd/client.go:123.20,124.46 1 0
github.com/yourusername/papertrail_fwd/client.go:124.46,128.13 4 0
github.com/yourusername/papertrail_fwd/client.go:130.9,133.4 1 0
github.com/yourusername/papertrail_fwd/client.go:138.85,143.16 3 1
github.com/yourusername/papertrail_fwd/client.go:143.16,145.3 1 0
github.com/yourusername/papertrail_fwd/client.go:148.2,151.6 3 1
github.com/yourusername/papertrail_fwd/client.go:151.6,152.10 1 1
github.com/yourusername/papertrail_fwd/client.go:153.21,154.70 1 1
github.com/yourusername/papertrail_fwd/client.go:155.33,158.18 2 0
github.com/yourusername/papertrail_fwd/client.go:158.18,161.5 2 0
github.com/yourusername/papertrail_fwd/client.go:163.4,167.34 3 0
github.com/yourusername/papertrail_fwd/client.go:167.34,169.5 1 0
github.com/yourusername/papertrail_fwd/client.go:175.58,177.16 2 1
github.com/yourusername/papertrail_fwd/client.go:177.16,179.3 1 0
github.com/yourusername/papertrail_fwd/client.go:181.2,182.44 2 1
github.com/yourusername/papertrail_fwd/client.go:182.44,184.3 1 1
github.com/yourusername/papertrail_fwd/client.go:186.2,189.8 1 0
github.com/yourusername/papertrail_fwd/config.go:36.27,50.68 10 1
github.com/yourusername/papertrail_fwd/config.go:50.68,52.3 1 1
github.com/yourusername/papertrail_fwd/config.go:54.2,54.15 1 1
github.com/yourusername/papertrail_fwd/main.go:11.13,24.16 6 0
github.com/yourusername/papertrail_fwd/main.go:24.16,26.3 1 0
github.com/yourusername/papertrail_fwd/main.go:27.2,31.16 3 0
github.com/yourusername/papertrail_fwd/main.go:31.16,33.3 1 0
github.com/yourusername/papertrail_fwd/main.go:36.2,40.16 3 0
github.com/yourusername/papertrail_fwd/main.go:40.16,42.3 1 0
github.com/yourusername/papertrail_fwd/main.go:45.2,48.63 2 0
github.com/yourusername/papertrail_fwd/main.go:52.53,55.12 3 1
github.com/yourusername/papertrail_fwd/main.go:55.12,58.3 2 1
github.com/yourusername/papertrail_fwd/mock_buffer.go:17.34,19.2 1 1
github.com/yourusername/papertrail_fwd/mock_buffer.go:22.54,26.14 3 1
github.com/yourusername/papertrail_fwd/mock_buffer.go:26.14,28.3 1 1
github.com/yourusername/papertrail_fwd/mock_buffer.go:30.2,30.29 1 1
github.com/yourusername/papertrail_fwd/mock_buffer.go:34.59,38.14 3 1
github.com/yourusername/papertrail_fwd/mock_buffer.go:38.14,40.3 1 1
github.com/yourusername/papertrail_fwd/mock_buffer.go:42.2,42.25 1 1
github.com/yourusername/papertrail_fwd/mock_buffer.go:42.25,44.3 1 1
github.com/yourusername/papertrail_fwd/mock_buffer.go:47.2,48.29 2 1
github.com/yourusername/papertrail_fwd/mock_buffer.go:48.29,50.3 1 1
github.com/yourusername/papertrail_fwd/mock_buffer.go:52.2,54.16 3 1
github.com/yourusername/papertrail_fwd/mock_buffer.go:54.16,56.3 1 0
github.com/yourusername/papertrail_fwd/mock_buffer.go:58.2,58.22 1 1
github.com/yourusername/papertrail_fwd/mock_buffer.go:62.37,67.2 3 1
github.com/yourusername/papertrail_fwd/mock_buffer.go:70.36,76.2 4 1
github.com/yourusername/papertrail_fwd/mock_buffer.go:79.43,84.2 3 1
github.com/yourusername/papertrail_fwd/mock_buffer.go:87.30,92.2 3 1
github.com/yourusername/papertrail_fwd/processor.go:13.116,16.21 2 1
github.com/yourusername/papertrail_fwd/processor.go:16.21,18.10 1 1
github.com/yourusername/papertrail_fwd/processor.go:19.21,20.10 1 0
github.com/yourusername/papertrail_fwd/processor.go:21.11,21.11 0 1
github.com/yourusername/papertrail_fwd/processor.go:24.3,38.61 4 1
github.com/yourusername/papertrail_fwd/processor.go:38.61,40.12 2 0
github.com/yourusername/papertrail_fwd/processor.go:44.3,44.10 1 1
github.com/yourusername/papertrail_fwd/processor.go:45.29,45.29 0 1
github.com/yourusername/papertrail_fwd/processor.go:46.11,46.11 0 0
github.com/yourusername/papertrail_fwd/processor.go:50.2,50.38 1 1
github.com/yourusername/papertrail_fwd/processor.go:50.38,52.3 1 0
